# JRE version: OpenJDK Runtime Environment (8.0_152-b01) (build 1.8.0_152-release-1024-b01)
# Java VM: OpenJDK 64-Bit Server VM (25.152-b01 mixed mode linux-amd64 compressed oops)
Heap:
 PSYoungGen      total 142848K, used 16384K [0x00000000d7200000, 0x00000000e0e00000, 0x0000000100000000)
  eden space 126464K, 0% used [0x00000000d7200000,0x00000000d7200000,0x00000000ded80000)
  from space 16384K, 100% used [0x00000000ded80000,0x00000000dfd80000,0x00000000dfd80000)
  to   space 15872K, 0% used [0x00000000dfd80000,0x00000000dfd80000,0x00000000e0d00000)
 ParOldGen       total 84992K, used 41101K [0x0000000085600000, 0x000000008a900000, 0x00000000d7200000)
  object space 84992K, 48% used [0x0000000085600000,0x0000000087e23790,0x000000008a900000)
 Metaspace       used 16477K, capacity 16932K, committed 17152K, reserved 1064960K
  class space    used 1873K, capacity 2020K, committed 2048K, reserved 1048576K
GC Heap History (10 events):
Event: 3,013 GC heap after
Heap after GC invocations=2 (full 0):
 PSYoungGen      total 36864K, used 5114K [0x00000000d7200000, 0x00000000d9b00000, 0x0000000100000000)
  eden space 31744K, 0% used [0x00000000d7200000,0x00000000d7200000,0x00000000d9100000)
  from space 5120K, 99% used [0x00000000d9600000,0x00000000d9afea38,0x00000000d9b00000)
  to   space 5120K, 0% used [0x00000000d9100000,0x00000000d9100000,0x00000000d9600000)
 ParOldGen       total 84992K, used 2717K [0x0000000085600000, 0x000000008a900000, 0x00000000d7200000)
  object space 84992K, 3% used [0x0000000085600000,0x00000000858a74d0,0x000000008a900000)
 Metaspace       used 13385K, capacity 13696K, committed 14080K, reserved 1060864K
  class space    used 1580K, capacity 1680K, committed 1792K, reserved 1048576K
}
Event: 3,190 GC heap before
{Heap before GC invocations=3 (full 0):
 PSYoungGen      total 36864K, used 36858K [0x00000000d7200000, 0x00000000d9b00000, 0x0000000100000000)
  eden space 31744K, 100% used [0x00000000d7200000,0x00000000d9100000,0x00000000d9100000)
  from space 5120K, 99% used [0x00000000d9600000,0x00000000d9afea38,0x00000000d9b00000)
  to   space 5120K, 0% used [0x00000000d9100000,0x00000000d9100000,0x00000000d9600000)
 ParOldGen       total 84992K, used 2717K [0x0000000085600000, 0x000000008a900000, 0x00000000d7200000)
  object space 84992K, 3% used [0x0000000085600000,0x00000000858a74d0,0x000000008a900000)
 Metaspace       used 14557K, capacity 14854K, committed 15104K, reserved 1062912K
  class space    used 1658K, capacity 1745K, committed 1792K, reserved 1048576K
Event: 3,207 GC heap after
Heap after GC invocations=3 (full 0):
 PSYoungGen      total 36864K, used 5114K [0x00000000d7200000, 0x00000000dba00000, 0x0000000100000000)
  eden space 31744K, 0% used [0x00000000d7200000,0x00000000d7200000,0x00000000d9100000)
  from space 5120K, 99% used [0x00000000d9100000,0x00000000d95fe9f8,0x00000000d9600000)
  to   space 5120K, 0% used [0x00000000db500000,0x00000000db500000,0x00000000dba00000)
 ParOldGen       total 84992K, used 12579K [0x0000000085600000, 0x000000008a900000, 0x00000000d7200000)
  object space 84992K, 14% used [0x0000000085600000,0x0000000086248ec0,0x000000008a900000)
 Metaspace       used 14557K, capacity 14854K, committed 15104K, reserved 1062912K
  class space    used 1658K, capacity 1745K, committed 1792K, reserved 1048576K
}
Event: 3,606 GC heap before
{Heap before GC invocations=4 (full 0):
 PSYoungGen      total 36864K, used 36858K [0x00000000d7200000, 0x00000000dba00000, 0x0000000100000000)
  eden space 31744K, 100% used [0x00000000d7200000,0x00000000d9100000,0x00000000d9100000)
  from space 5120K, 99% used [0x00000000d9100000,0x00000000d95fe9f8,0x00000000d9600000)
  to   space 5120K, 0% used [0x00000000db500000,0x00000000db500000,0x00000000dba00000)
 ParOldGen       total 84992K, used 12579K [0x0000000085600000, 0x000000008a900000, 0x00000000d7200000)
  object space 84992K, 14% used [0x0000000085600000,0x0000000086248ec0,0x000000008a900000)
 Metaspace       used 14799K, capacity 15142K, committed 15360K, reserved 1062912K
  class space    used 1671K, capacity 1777K, committed 1792K, reserved 1048576K
Event: 3,619 GC heap after
Heap after GC invocations=4 (full 0):
 PSYoungGen      total 68608K, used 5114K [0x00000000d7200000, 0x00000000dba00000, 0x0000000100000000)
  eden space 63488K, 0% used [0x00000000d7200000,0x00000000d7200000,0x00000000db000000)
  from space 5120K, 99% used [0x00000000db500000,0x00000000db9fe9f8,0x00000000dba00000)
  to   space 5120K, 0% used [0x00000000db000000,0x00000000db000000,0x00000000db500000)
 ParOldGen       total 84992K, used 16603K [0x0000000085600000, 0x000000008a900000, 0x00000000d7200000)
  object space 84992K, 19% used [0x0000000085600000,0x0000000086636f90,0x000000008a900000)
 Metaspace       used 14799K, capacity 15142K, committed 15360K, reserved 1062912K
  class space    used 1671K, capacity 1777K, committed 1792K, reserved 1048576K
}
Event: 3,989 GC heap before
{Heap before GC invocations=5 (full 0):
 PSYoungGen      total 68608K, used 68602K [0x00000000d7200000, 0x00000000dba00000, 0x0000000100000000)
  eden space 63488K, 100% used [0x00000000d7200000,0x00000000db000000,0x00000000db000000)
  from space 5120K, 99% used [0x00000000db500000,0x00000000db9fe9f8,0x00000000dba00000)
  to   space 5120K, 0% used [0x00000000db000000,0x00000000db000000,0x00000000db500000)
 ParOldGen       total 84992K, used 16603K [0x0000000085600000, 0x000000008a900000, 0x00000000d7200000)
  object space 84992K, 19% used [0x0000000085600000,0x0000000086636f90,0x000000008a900000)
 Metaspace       used 14822K, capacity 15142K, committed 15360K, reserved 1062912K
  class space    used 1671K, capacity 1777K, committed 1792K, reserved 1048576K
Event: 4,005 GC heap after
Heap after GC invocations=5 (full 0):
 PSYoungGen      total 68608K, used 5098K [0x00000000d7200000, 0x00000000e0d00000, 0x0000000100000000)
  eden space 63488K, 0% used [0x00000000d7200000,0x00000000d7200000,0x00000000db000000)
  from space 5120K, 99% used [0x00000000db000000,0x00000000db4faa08,0x00000000db500000)
  to   space 15872K, 0% used [0x00000000dfd80000,0x00000000dfd80000,0x00000000e0d00000)
 ParOldGen       total 84992K, used 23963K [0x0000000085600000, 0x000000008a900000, 0x00000000d7200000)
  object space 84992K, 28% used [0x0000000085600000,0x0000000086d66c68,0x000000008a900000)
 Metaspace       used 14822K, capacity 15142K, committed 15360K, reserved 1062912K
  class space    used 1671K, capacity 1777K, committed 1792K, reserved 1048576K
}
Event: 4,288 GC heap before
{Heap before GC invocations=6 (full 0):
 PSYoungGen      total 68608K, used 68586K [0x00000000d7200000, 0x00000000e0d00000, 0x0000000100000000)
  eden space 63488K, 100% used [0x00000000d7200000,0x00000000db000000,0x00000000db000000)
  from space 5120K, 99% used [0x00000000db000000,0x00000000db4faa08,0x00000000db500000)
  to   space 15872K, 0% used [0x00000000dfd80000,0x00000000dfd80000,0x00000000e0d00000)
 ParOldGen       total 84992K, used 23963K [0x0000000085600000, 0x000000008a900000, 0x00000000d7200000)
  object space 84992K, 28% used [0x0000000085600000,0x0000000086d66c68,0x000000008a900000)
 Metaspace       used 14883K, capacity 15270K, committed 15360K, reserved 1062912K
  class space    used 1672K, capacity 1777K, committed 1792K, reserved 1048576K
Event: 4,309 GC heap after
Heap after GC invocations=6 (full 0):
 PSYoungGen      total 142336K, used 12986K [0x00000000d7200000, 0x00000000e0e00000, 0x0000000100000000)
  eden space 126464K, 0% used [0x00000000d7200000,0x00000000d7200000,0x00000000ded80000)
  from space 15872K, 81% used [0x00000000dfd80000,0x00000000e0a2e9f8,0x00000000e0d00000)
  to   space 16384K, 0% used [0x00000000ded80000,0x00000000ded80000,0x00000000dfd80000)
 ParOldGen       total 84992K, used 23963K [0x0000000085600000, 0x000000008a900000, 0x00000000d7200000)
  object space 84992K, 28% used [0x0000000085600000,0x0000000086d66c68,0x000000008a900000)
 Metaspace       used 14883K, capacity 15270K, committed 15360K, reserved 1062912K
  class space    used 1672K, capacity 1777K, committed 1792K, reserved 1048576K
}
Event: 5,405 GC heap before
{Heap before GC invocations=7 (full 0):
 PSYoungGen      total 142336K, used 139450K [0x00000000d7200000, 0x00000000e0e00000, 0x0000000100000000)
  eden space 126464K, 100% used [0x00000000d7200000,0x00000000ded80000,0x00000000ded80000)
  from space 15872K, 81% used [0x00000000dfd80000,0x00000000e0a2e9f8,0x00000000e0d00000)
  to   space 16384K, 0% used [0x00000000ded80000,0x00000000ded80000,0x00000000dfd80000)
 ParOldGen       total 84992K, used 23963K [0x0000000085600000, 0x000000008a900000, 0x00000000d7200000)
  object space 84992K, 28% used [0x0000000085600000,0x0000000086d66c68,0x000000008a900000)
 Metaspace       used 16477K, capacity 16932K, committed 17152K, reserved 1064960K
  class space    used 1873K, capacity 2020K, committed 2048K, reserved 1048576K

