# JRE version: OpenJDK Runtime Environment (8.0_152-b01) (build 1.8.0_152-release-1024-b01)
# Java VM: OpenJDK 64-Bit Server VM (25.152-b01 mixed mode linux-amd64 compressed oops)
Heap:
 PSYoungGen      total 143872K, used 17904K [0x00000000d7200000, 0x00000000e1100000, 0x0000000100000000)
  eden space 125952K, 0% used [0x00000000d7200000,0x00000000d7200000,0x00000000ded00000)
  from space 17920K, 99% used [0x00000000ded00000,0x00000000dfe7c010,0x00000000dfe80000)
  to   space 16896K, 0% used [0x00000000dfe80000,0x00000000dfe80000,0x00000000e0f00000)
 ParOldGen       total 84992K, used 37867K [0x0000000085600000, 0x000000008a900000, 0x00000000d7200000)
  object space 84992K, 44% used [0x0000000085600000,0x0000000087afafd8,0x000000008a900000)
 Metaspace       used 14944K, capacity 15298K, committed 15616K, reserved 1062912K
  class space    used 1589K, capacity 1723K, committed 1792K, reserved 1048576K
GC Heap History (10 events):
Event: 3,254 GC heap after
Heap after GC invocations=2 (full 0):
 PSYoungGen      total 36864K, used 5091K [0x00000000d7200000, 0x00000000dba00000, 0x0000000100000000)
  eden space 31744K, 0% used [0x00000000d7200000,0x00000000d7200000,0x00000000d9100000)
  from space 5120K, 99% used [0x00000000d9600000,0x00000000d9af8f38,0x00000000d9b00000)
  to   space 5120K, 0% used [0x00000000d9100000,0x00000000d9100000,0x00000000d9600000)
 ParOldGen       total 84992K, used 1271K [0x0000000085600000, 0x000000008a900000, 0x00000000d7200000)
  object space 84992K, 1% used [0x0000000085600000,0x000000008573dde8,0x000000008a900000)
 Metaspace       used 11564K, capacity 11844K, committed 11904K, reserved 1060864K
  class space    used 1266K, capacity 1374K, committed 1408K, reserved 1048576K
}
Event: 3,477 GC heap before
{Heap before GC invocations=3 (full 0):
 PSYoungGen      total 36864K, used 36835K [0x00000000d7200000, 0x00000000dba00000, 0x0000000100000000)
  eden space 31744K, 100% used [0x00000000d7200000,0x00000000d9100000,0x00000000d9100000)
  from space 5120K, 99% used [0x00000000d9600000,0x00000000d9af8f38,0x00000000d9b00000)
  to   space 5120K, 0% used [0x00000000d9100000,0x00000000d9100000,0x00000000d9600000)
 ParOldGen       total 84992K, used 1271K [0x0000000085600000, 0x000000008a900000, 0x00000000d7200000)
  object space 84992K, 1% used [0x0000000085600000,0x000000008573dde8,0x000000008a900000)
 Metaspace       used 12420K, capacity 12714K, committed 12928K, reserved 1060864K
  class space    used 1311K, capacity 1407K, committed 1408K, reserved 1048576K
Event: 3,490 GC heap after
Heap after GC invocations=3 (full 0):
 PSYoungGen      total 36864K, used 5091K [0x00000000d7200000, 0x00000000dba00000, 0x0000000100000000)
  eden space 31744K, 0% used [0x00000000d7200000,0x00000000d7200000,0x00000000d9100000)
  from space 5120K, 99% used [0x00000000d9100000,0x00000000d95f8f18,0x00000000d9600000)
  to   space 5120K, 0% used [0x00000000db500000,0x00000000db500000,0x00000000dba00000)
 ParOldGen       total 84992K, used 11017K [0x0000000085600000, 0x000000008a900000, 0x00000000d7200000)
  object space 84992K, 12% used [0x0000000085600000,0x00000000860c2708,0x000000008a900000)
 Metaspace       used 12420K, capacity 12714K, committed 12928K, reserved 1060864K
  class space    used 1311K, capacity 1407K, committed 1408K, reserved 1048576K
}
Event: 3,898 GC heap before
{Heap before GC invocations=4 (full 0):
 PSYoungGen      total 36864K, used 36835K [0x00000000d7200000, 0x00000000dba00000, 0x0000000100000000)
  eden space 31744K, 100% used [0x00000000d7200000,0x00000000d9100000,0x00000000d9100000)
  from space 5120K, 99% used [0x00000000d9100000,0x00000000d95f8f18,0x00000000d9600000)
  to   space 5120K, 0% used [0x00000000db500000,0x00000000db500000,0x00000000dba00000)
 ParOldGen       total 84992K, used 11017K [0x0000000085600000, 0x000000008a900000, 0x00000000d7200000)
  object space 84992K, 12% used [0x0000000085600000,0x00000000860c2708,0x000000008a900000)
 Metaspace       used 12972K, capacity 13290K, committed 13568K, reserved 1060864K
  class space    used 1357K, capacity 1471K, committed 1536K, reserved 1048576K
Event: 3,911 GC heap after
Heap after GC invocations=4 (full 0):
 PSYoungGen      total 68608K, used 5107K [0x00000000d7200000, 0x00000000dba00000, 0x0000000100000000)
  eden space 63488K, 0% used [0x00000000d7200000,0x00000000d7200000,0x00000000db000000)
  from space 5120K, 99% used [0x00000000db500000,0x00000000db9fcf28,0x00000000dba00000)
  to   space 5120K, 0% used [0x00000000db000000,0x00000000db000000,0x00000000db500000)
 ParOldGen       total 84992K, used 15129K [0x0000000085600000, 0x000000008a900000, 0x00000000d7200000)
  object space 84992K, 17% used [0x0000000085600000,0x00000000864c6420,0x000000008a900000)
 Metaspace       used 12972K, capacity 13290K, committed 13568K, reserved 1060864K
  class space    used 1357K, capacity 1471K, committed 1536K, reserved 1048576K
}
Event: 4,508 GC heap before
{Heap before GC invocations=5 (full 0):
 PSYoungGen      total 68608K, used 68595K [0x00000000d7200000, 0x00000000dba00000, 0x0000000100000000)
  eden space 63488K, 100% used [0x00000000d7200000,0x00000000db000000,0x00000000db000000)
  from space 5120K, 99% used [0x00000000db500000,0x00000000db9fcf28,0x00000000dba00000)
  to   space 5120K, 0% used [0x00000000db000000,0x00000000db000000,0x00000000db500000)
 ParOldGen       total 84992K, used 15129K [0x0000000085600000, 0x000000008a900000, 0x00000000d7200000)
  object space 84992K, 17% used [0x0000000085600000,0x00000000864c6420,0x000000008a900000)
 Metaspace       used 12999K, capacity 13290K, committed 13568K, reserved 1060864K
  class space    used 1357K, capacity 1471K, committed 1536K, reserved 1048576K
Event: 4,523 GC heap after
Heap after GC invocations=5 (full 0):
 PSYoungGen      total 68608K, used 5107K [0x00000000d7200000, 0x00000000e0f00000, 0x0000000100000000)
  eden space 63488K, 0% used [0x00000000d7200000,0x00000000d7200000,0x00000000db000000)
  from space 5120K, 99% used [0x00000000db000000,0x00000000db4fcf28,0x00000000db500000)
  to   space 16896K, 0% used [0x00000000dfe80000,0x00000000dfe80000,0x00000000e0f00000)
 ParOldGen       total 84992K, used 22864K [0x0000000085600000, 0x000000008a900000, 0x00000000d7200000)
  object space 84992K, 26% used [0x0000000085600000,0x0000000086c54128,0x000000008a900000)
 Metaspace       used 12999K, capacity 13290K, committed 13568K, reserved 1060864K
  class space    used 1357K, capacity 1471K, committed 1536K, reserved 1048576K
}
Event: 5,066 GC heap before
{Heap before GC invocations=6 (full 0):
 PSYoungGen      total 68608K, used 68595K [0x00000000d7200000, 0x00000000e0f00000, 0x0000000100000000)
  eden space 63488K, 100% used [0x00000000d7200000,0x00000000db000000,0x00000000db000000)
  from space 5120K, 99% used [0x00000000db000000,0x00000000db4fcf28,0x00000000db500000)
  to   space 16896K, 0% used [0x00000000dfe80000,0x00000000dfe80000,0x00000000e0f00000)
 ParOldGen       total 84992K, used 22864K [0x0000000085600000, 0x000000008a900000, 0x00000000d7200000)
  object space 84992K, 26% used [0x0000000085600000,0x0000000086c54128,0x000000008a900000)
 Metaspace       used 13062K, capacity 13418K, committed 13568K, reserved 1060864K
  class space    used 1359K, capacity 1471K, committed 1536K, reserved 1048576K
Event: 5,078 GC heap after
Heap after GC invocations=6 (full 0):
 PSYoungGen      total 142848K, used 13059K [0x00000000d7200000, 0x00000000e1100000, 0x0000000100000000)
  eden space 125952K, 0% used [0x00000000d7200000,0x00000000d7200000,0x00000000ded00000)
  from space 16896K, 77% used [0x00000000dfe80000,0x00000000e0b40f18,0x00000000e0f00000)
  to   space 17920K, 0% used [0x00000000ded00000,0x00000000ded00000,0x00000000dfe80000)
 ParOldGen       total 84992K, used 22864K [0x0000000085600000, 0x000000008a900000, 0x00000000d7200000)
  object space 84992K, 26% used [0x0000000085600000,0x0000000086c54128,0x000000008a900000)
 Metaspace       used 13062K, capacity 13418K, committed 13568K, reserved 1060864K
  class space    used 1359K, capacity 1471K, committed 1536K, reserved 1048576K
}
Event: 6,385 GC heap before
{Heap before GC invocations=7 (full 0):
 PSYoungGen      total 142848K, used 139011K [0x00000000d7200000, 0x00000000e1100000, 0x0000000100000000)
  eden space 125952K, 100% used [0x00000000d7200000,0x00000000ded00000,0x00000000ded00000)
  from space 16896K, 77% used [0x00000000dfe80000,0x00000000e0b40f18,0x00000000e0f00000)
  to   space 17920K, 0% used [0x00000000ded00000,0x00000000ded00000,0x00000000dfe80000)
 ParOldGen       total 84992K, used 22864K [0x0000000085600000, 0x000000008a900000, 0x00000000d7200000)
  object space 84992K, 26% used [0x0000000085600000,0x0000000086c54128,0x000000008a900000)
 Metaspace       used 14944K, capacity 15298K, committed 15616K, reserved 1062912K
  class space    used 1589K, capacity 1723K, committed 1792K, reserved 1048576K

